Determining if the pthread_create exist failed with the following output:
Change Dir: /home/robond/quad/build/CMakeFiles/CMakeTmp

Run Build Command:"/usr/bin/make" "cmTC_eebbb/fast"
/usr/bin/make -f CMakeFiles/cmTC_eebbb.dir/build.make CMakeFiles/cmTC_eebbb.dir/build
make[1]: Entering directory '/home/robond/quad/build/CMakeFiles/CMakeTmp'
Building C object CMakeFiles/cmTC_eebbb.dir/CheckSymbolExists.c.o
/usr/bin/cc     -o CMakeFiles/cmTC_eebbb.dir/CheckSymbolExists.c.o   -c /home/robond/quad/build/CMakeFiles/CMakeTmp/CheckSymbolExists.c
Linking C executable cmTC_eebbb
/usr/bin/cmake -E cmake_link_script CMakeFiles/cmTC_eebbb.dir/link.txt --verbose=1
/usr/bin/cc       CMakeFiles/cmTC_eebbb.dir/CheckSymbolExists.c.o  -o cmTC_eebbb -rdynamic 
CMakeFiles/cmTC_eebbb.dir/CheckSymbolExists.c.o: In function `main':
CheckSymbolExists.c:(.text+0x16): undefined reference to `pthread_create'
collect2: error: ld returned 1 exit status
CMakeFiles/cmTC_eebbb.dir/build.make:97: recipe for target 'cmTC_eebbb' failed
make[1]: *** [cmTC_eebbb] Error 1
make[1]: Leaving directory '/home/robond/quad/build/CMakeFiles/CMakeTmp'
Makefile:126: recipe for target 'cmTC_eebbb/fast' failed
make: *** [cmTC_eebbb/fast] Error 2

File /home/robond/quad/build/CMakeFiles/CMakeTmp/CheckSymbolExists.c:
/* */
#include <pthread.h>

int main(int argc, char** argv)
{
  (void)argv;
#ifndef pthread_create
  return ((int*)(&pthread_create))[argc];
#else
  (void)argc;
  return 0;
#endif
}

Determining if the function pthread_create exists in the pthreads failed with the following output:
Change Dir: /home/robond/quad/build/CMakeFiles/CMakeTmp

Run Build Command:"/usr/bin/make" "cmTC_23cc0/fast"
/usr/bin/make -f CMakeFiles/cmTC_23cc0.dir/build.make CMakeFiles/cmTC_23cc0.dir/build
make[1]: Entering directory '/home/robond/quad/build/CMakeFiles/CMakeTmp'
Building C object CMakeFiles/cmTC_23cc0.dir/CheckFunctionExists.c.o
/usr/bin/cc    -DCHECK_FUNCTION_EXISTS=pthread_create   -o CMakeFiles/cmTC_23cc0.dir/CheckFunctionExists.c.o   -c /usr/share/cmake-3.5/Modules/CheckFunctionExists.c
Linking C executable cmTC_23cc0
/usr/bin/cmake -E cmake_link_script CMakeFiles/cmTC_23cc0.dir/link.txt --verbose=1
/usr/bin/cc   -DCHECK_FUNCTION_EXISTS=pthread_create    CMakeFiles/cmTC_23cc0.dir/CheckFunctionExists.c.o  -o cmTC_23cc0 -rdynamic -lpthreads 
/usr/bin/ld: cannot find -lpthreads
collect2: error: ld returned 1 exit status
CMakeFiles/cmTC_23cc0.dir/build.make:97: recipe for target 'cmTC_23cc0' failed
make[1]: *** [cmTC_23cc0] Error 1
make[1]: Leaving directory '/home/robond/quad/build/CMakeFiles/CMakeTmp'
Makefile:126: recipe for target 'cmTC_23cc0/fast' failed
make: *** [cmTC_23cc0/fast] Error 2


